  [1m[35m (0.4ms)[0m  [1m[34mSELECT "schema_migrations"."version" FROM "schema_migrations" ORDER BY "schema_migrations"."version" ASC[0m
  [1m[35m (0.1ms)[0m  [1m[34mSELECT pg_try_advisory_lock(5927404858346172600)[0m
  [1m[35m (0.2ms)[0m  [1m[34mSELECT "schema_migrations"."version" FROM "schema_migrations" ORDER BY "schema_migrations"."version" ASC[0m
Migrating to CreatePayments (20171123195145)
  [1m[35m (0.1ms)[0m  [1m[35mBEGIN[0m
  [1m[35m (0.4ms)[0m  [1m[35mDROP INDEX  "index_posts_on_services_id_and_line_items_id"[0m
  [1m[35m (1.1ms)[0m  [1m[35mDROP TABLE "posts"[0m
  [1m[35mSQL (0.3ms)[0m  [1m[31mDELETE FROM "schema_migrations" WHERE "schema_migrations"."version" = $1[0m  [["version", "20171123195145"]]
  [1m[35m (50.0ms)[0m  [1m[35mCOMMIT[0m
  [1m[35m (0.3ms)[0m  [1m[34mSELECT pg_advisory_unlock(5927404858346172600)[0m
  [1m[35m (0.2ms)[0m  [1m[34mSELECT "schema_migrations"."version" FROM "schema_migrations" ORDER BY "schema_migrations"."version" ASC[0m
  [1m[35m (0.3ms)[0m  [1m[34mSELECT pg_try_advisory_lock(5927404858346172600)[0m
  [1m[35m (0.5ms)[0m  [1m[34mSELECT "schema_migrations"."version" FROM "schema_migrations" ORDER BY "schema_migrations"."version" ASC[0m
Migrating to CreatePayments (20171123195145)
  [1m[35m (0.1ms)[0m  [1m[35mBEGIN[0m
  [1m[35m (94.0ms)[0m  [1m[35mCREATE TABLE "posts" ("id" bigserial primary key, "line_items_id" bigint, "services_id" bigint, "uuid" character varying, "created_at" timestamp NOT NULL, "updated_at" timestamp NOT NULL, CONSTRAINT "fk_rails_efd3ea3aee"
FOREIGN KEY ("line_items_id")
  REFERENCES "line_items" ("id")
, CONSTRAINT "fk_rails_3c74594cd5"
FOREIGN KEY ("services_id")
  REFERENCES "services" ("id")
)[0m
  [1m[35m (29.9ms)[0m  [1m[35mCREATE  INDEX  "index_posts_on_line_items_id" ON "posts"  ("line_items_id")[0m
  [1m[35m (31.7ms)[0m  [1m[35mCREATE  INDEX  "index_posts_on_services_id" ON "posts"  ("services_id")[0m
  [1m[35m (0.4ms)[0m  [1m[35mCOMMENT ON COLUMN "posts"."uuid" IS 'Example column for test'[0m
  [1m[35m (31.6ms)[0m  [1m[35mCREATE UNIQUE INDEX  "index_posts_on_services_id_and_line_items_id" ON "posts"  ("services_id", "line_items_id")[0m
  [1m[35mSQL (0.3ms)[0m  [1m[32mINSERT INTO "schema_migrations" ("version") VALUES ($1) RETURNING "version"[0m  [["version", "20171123195145"]]
  [1m[35m (19.0ms)[0m  [1m[35mCOMMIT[0m
  [1m[36mActiveRecord::InternalMetadata Load (0.4ms)[0m  [1m[34mSELECT  "ar_internal_metadata".* FROM "ar_internal_metadata" WHERE "ar_internal_metadata"."key" = $1 LIMIT $2[0m  [["key", "environment"], ["LIMIT", 1]]
  [1m[35m (0.2ms)[0m  [1m[35mBEGIN[0m
  [1m[35m (0.2ms)[0m  [1m[35mCOMMIT[0m
  [1m[35m (0.3ms)[0m  [1m[34mSELECT pg_advisory_unlock(5927404858346172600)[0m
  [1m[35m (0.3ms)[0m  [1m[34mSELECT "schema_migrations"."version" FROM "schema_migrations" ORDER BY "schema_migrations"."version" ASC[0m
  [1m[35m (0.7ms)[0m  [1m[34mSELECT "schema_migrations"."version" FROM "schema_migrations" ORDER BY "schema_migrations"."version" ASC[0m
  [1m[35m (0.2ms)[0m  [1m[34mSELECT pg_try_advisory_lock(5927404858346172600)[0m
  [1m[35m (0.3ms)[0m  [1m[34mSELECT "schema_migrations"."version" FROM "schema_migrations" ORDER BY "schema_migrations"."version" ASC[0m
Migrating to CreatePayments (20171123195145)
  [1m[35m (0.1ms)[0m  [1m[35mBEGIN[0m
  [1m[35m (0.6ms)[0m  [1m[35mDROP INDEX  "index_posts_on_services_id_and_line_items_id"[0m
  [1m[35m (1.8ms)[0m  [1m[35mDROP TABLE "posts"[0m
  [1m[35mSQL (0.5ms)[0m  [1m[31mDELETE FROM "schema_migrations" WHERE "schema_migrations"."version" = $1[0m  [["version", "20171123195145"]]
  [1m[35m (47.5ms)[0m  [1m[35mCOMMIT[0m
  [1m[35m (0.3ms)[0m  [1m[34mSELECT pg_advisory_unlock(5927404858346172600)[0m
  [1m[35m (0.3ms)[0m  [1m[34mSELECT "schema_migrations"."version" FROM "schema_migrations" ORDER BY "schema_migrations"."version" ASC[0m
  [1m[35m (0.2ms)[0m  [1m[34mSELECT pg_try_advisory_lock(5927404858346172600)[0m
  [1m[35m (0.6ms)[0m  [1m[34mSELECT "schema_migrations"."version" FROM "schema_migrations" ORDER BY "schema_migrations"."version" ASC[0m
Migrating to CreatePayments (20171123195145)
  [1m[35m (0.1ms)[0m  [1m[35mBEGIN[0m
  [1m[35m (78.3ms)[0m  [1m[35mCREATE TABLE "posts" ("id" bigserial primary key, "services_id" bigint, "line_item_id" bigint, "created_at" timestamp NOT NULL, "updated_at" timestamp NOT NULL, CONSTRAINT "fk_rails_3c74594cd5"
FOREIGN KEY ("services_id")
  REFERENCES "services" ("id")
)[0m
  [1m[35m (30.5ms)[0m  [1m[35mCREATE  INDEX  "index_posts_on_services_id" ON "posts"  ("services_id")[0m
  [1m[35m (1.0ms)[0m  [1m[35mCREATE UNIQUE INDEX  "index_posts_on_services_id_and_line_items_id" ON "posts"  ("services_id", "line_items_id")[0m
  [1m[35m (0.2ms)[0m  [1m[31mROLLBACK[0m
  [1m[35m (0.3ms)[0m  [1m[34mSELECT pg_advisory_unlock(5927404858346172600)[0m
  [1m[35m (0.3ms)[0m  [1m[34mSELECT pg_try_advisory_lock(5927404858346172600)[0m
  [1m[35m (0.6ms)[0m  [1m[34mSELECT "schema_migrations"."version" FROM "schema_migrations" ORDER BY "schema_migrations"."version" ASC[0m
Migrating to CreatePayments (20171123195145)
  [1m[35m (0.2ms)[0m  [1m[35mBEGIN[0m
  [1m[35m (75.8ms)[0m  [1m[35mCREATE TABLE "posts" ("id" bigserial primary key, "services_id" bigint, "line_item_id" bigint, "created_at" timestamp NOT NULL, "updated_at" timestamp NOT NULL, CONSTRAINT "fk_rails_3c74594cd5"
FOREIGN KEY ("services_id")
  REFERENCES "services" ("id")
)[0m
  [1m[35m (31.7ms)[0m  [1m[35mCREATE  INDEX  "index_posts_on_services_id" ON "posts"  ("services_id")[0m
  [1m[35m (31.8ms)[0m  [1m[35mCREATE UNIQUE INDEX  "index_posts_on_services_id_and_line_item_id" ON "posts"  ("services_id", "line_item_id")[0m
  [1m[35mSQL (0.3ms)[0m  [1m[32mINSERT INTO "schema_migrations" ("version") VALUES ($1) RETURNING "version"[0m  [["version", "20171123195145"]]
  [1m[35m (17.8ms)[0m  [1m[35mCOMMIT[0m
  [1m[36mActiveRecord::InternalMetadata Load (0.4ms)[0m  [1m[34mSELECT  "ar_internal_metadata".* FROM "ar_internal_metadata" WHERE "ar_internal_metadata"."key" = $1 LIMIT $2[0m  [["key", "environment"], ["LIMIT", 1]]
  [1m[35m (0.3ms)[0m  [1m[35mBEGIN[0m
  [1m[35m (0.3ms)[0m  [1m[35mCOMMIT[0m
  [1m[35m (0.2ms)[0m  [1m[34mSELECT pg_advisory_unlock(5927404858346172600)[0m
  [1m[35m (0.3ms)[0m  [1m[34mSELECT "schema_migrations"."version" FROM "schema_migrations" ORDER BY "schema_migrations"."version" ASC[0m
  [1m[35m (0.2ms)[0m  [1m[34mSELECT pg_try_advisory_lock(5927404858346172600)[0m
  [1m[35m (0.5ms)[0m  [1m[34mSELECT "schema_migrations"."version" FROM "schema_migrations" ORDER BY "schema_migrations"."version" ASC[0m
  [1m[36mActiveRecord::InternalMetadata Load (0.2ms)[0m  [1m[34mSELECT  "ar_internal_metadata".* FROM "ar_internal_metadata" WHERE "ar_internal_metadata"."key" = $1 LIMIT $2[0m  [["key", "environment"], ["LIMIT", 1]]
  [1m[35m (0.1ms)[0m  [1m[35mBEGIN[0m
  [1m[35m (0.1ms)[0m  [1m[35mCOMMIT[0m
  [1m[35m (0.2ms)[0m  [1m[34mSELECT pg_advisory_unlock(5927404858346172600)[0m
  [1m[35m (0.2ms)[0m  [1m[34mSELECT "schema_migrations"."version" FROM "schema_migrations" ORDER BY "schema_migrations"."version" ASC[0m
